{"C:\\Users\\kianr\\MobileApp\\lib\\api.ts": {"path":"C:\\Users\\kianr\\MobileApp\\lib\\api.ts","statementMap":{"0":{"start":{"line":5,"column":2},"end":{"line":5,"column":83}},"1":{"start":{"line":12,"column":4},"end":{"line":12,"column":58}},"2":{"start":{"line":13,"column":4},"end":{"line":13,"column":27}},"3":{"start":{"line":14,"column":4},"end":{"line":14,"column":25}},"4":{"start":{"line":15,"column":4},"end":{"line":15,"column":21}},"5":{"start":{"line":26,"column":66},"end":{"line":26,"column":73}},"6":{"start":{"line":28,"column":16},"end":{"line":28,"column":32}},"7":{"start":{"line":30,"column":42},"end":{"line":32,"column":3}},"8":{"start":{"line":34,"column":2},"end":{"line":36,"column":3}},"9":{"start":{"line":35,"column":4},"end":{"line":35,"column":49}},"10":{"start":{"line":38,"column":19},"end":{"line":42,"column":4}},"11":{"start":{"line":43,"column":2},"end":{"line":53,"column":3}},"12":{"start":{"line":44,"column":17},"end":{"line":44,"column":38}},"13":{"start":{"line":46,"column":4},"end":{"line":50,"column":5}},"14":{"start":{"line":47,"column":6},"end":{"line":47,"column":27}},"15":{"start":{"line":48,"column":6},"end":{"line":48,"column":31}},"16":{"start":{"line":49,"column":6},"end":{"line":49,"column":80}},"17":{"start":{"line":52,"column":4},"end":{"line":52,"column":34}},"18":{"start":{"line":55,"column":2},"end":{"line":58,"column":3}},"19":{"start":{"line":56,"column":17},"end":{"line":56,"column":38}},"20":{"start":{"line":57,"column":4},"end":{"line":57,"column":46}},"21":{"start":{"line":60,"column":2},"end":{"line":62,"column":3}},"22":{"start":{"line":61,"column":4},"end":{"line":61,"column":26}},"23":{"start":{"line":64,"column":15},"end":{"line":64,"column":36}},"24":{"start":{"line":65,"column":2},"end":{"line":65,"column":52}},"25":{"start":{"line":69,"column":2},"end":{"line":69,"column":46}},"26":{"start":{"line":73,"column":2},"end":{"line":73,"column":53}},"27":{"start":{"line":77,"column":2},"end":{"line":77,"column":52}}},"fnMap":{"0":{"name":"(anonymous_0)","decl":{"start":{"line":11,"column":2},"end":{"line":11,"column":3}},"loc":{"start":{"line":11,"column":44},"end":{"line":16,"column":3}},"line":11},"1":{"name":"apiFetch","decl":{"start":{"line":25,"column":22},"end":{"line":25,"column":30}},"loc":{"start":{"line":25,"column":92},"end":{"line":66,"column":1}},"line":25},"2":{"name":"apiGet","decl":{"start":{"line":68,"column":16},"end":{"line":68,"column":22}},"loc":{"start":{"line":68,"column":46},"end":{"line":70,"column":1}},"line":68},"3":{"name":"apiPost","decl":{"start":{"line":72,"column":16},"end":{"line":72,"column":23}},"loc":{"start":{"line":72,"column":62},"end":{"line":74,"column":1}},"line":72},"4":{"name":"apiPut","decl":{"start":{"line":76,"column":16},"end":{"line":76,"column":22}},"loc":{"start":{"line":76,"column":61},"end":{"line":78,"column":1}},"line":76}},"branchMap":{"0":{"loc":{"start":{"line":12,"column":10},"end":{"line":12,"column":56}},"type":"binary-expr","locations":[{"start":{"line":12,"column":10},"end":{"line":12,"column":14}},{"start":{"line":12,"column":18},"end":{"line":12,"column":56}}],"line":12},"1":{"loc":{"start":{"line":25,"column":54},"end":{"line":25,"column":78}},"type":"default-arg","locations":[{"start":{"line":25,"column":76},"end":{"line":25,"column":78}}],"line":25},"2":{"loc":{"start":{"line":26,"column":10},"end":{"line":26,"column":24}},"type":"default-arg","locations":[{"start":{"line":26,"column":19},"end":{"line":26,"column":24}}],"line":26},"3":{"loc":{"start":{"line":26,"column":32},"end":{"line":26,"column":61}},"type":"default-arg","locations":[{"start":{"line":26,"column":57},"end":{"line":26,"column":61}}],"line":26},"4":{"loc":{"start":{"line":34,"column":2},"end":{"line":36,"column":3}},"type":"if","locations":[{"start":{"line":34,"column":2},"end":{"line":36,"column":3}},{"start":{},"end":{}}],"line":34},"5":{"loc":{"start":{"line":41,"column":10},"end":{"line":41,"column":63}},"type":"cond-expr","locations":[{"start":{"line":41,"column":31},"end":{"line":41,"column":40}},{"start":{"line":41,"column":43},"end":{"line":41,"column":63}}],"line":41},"6":{"loc":{"start":{"line":43,"column":2},"end":{"line":53,"column":3}},"type":"if","locations":[{"start":{"line":43,"column":2},"end":{"line":53,"column":3}},{"start":{},"end":{}}],"line":43},"7":{"loc":{"start":{"line":46,"column":4},"end":{"line":50,"column":5}},"type":"if","locations":[{"start":{"line":46,"column":4},"end":{"line":50,"column":5}},{"start":{},"end":{}}],"line":46},"8":{"loc":{"start":{"line":55,"column":2},"end":{"line":58,"column":3}},"type":"if","locations":[{"start":{"line":55,"column":2},"end":{"line":58,"column":3}},{"start":{},"end":{}}],"line":55},"9":{"loc":{"start":{"line":60,"column":2},"end":{"line":62,"column":3}},"type":"if","locations":[{"start":{"line":60,"column":2},"end":{"line":62,"column":3}},{"start":{},"end":{}}],"line":60},"10":{"loc":{"start":{"line":65,"column":10},"end":{"line":65,"column":45}},"type":"cond-expr","locations":[{"start":{"line":65,"column":17},"end":{"line":65,"column":33}},{"start":{"line":65,"column":36},"end":{"line":65,"column":45}}],"line":65}},"s":{"0":0,"1":0,"2":0,"3":0,"4":0,"5":0,"6":0,"7":0,"8":0,"9":0,"10":0,"11":0,"12":0,"13":0,"14":0,"15":0,"16":0,"17":0,"18":0,"19":0,"20":0,"21":0,"22":0,"23":0,"24":0,"25":0,"26":0,"27":0},"f":{"0":0,"1":0,"2":0,"3":0,"4":0},"b":{"0":[0,0],"1":[0],"2":[0],"3":[0],"4":[0,0],"5":[0,0],"6":[0,0],"7":[0,0],"8":[0,0],"9":[0,0],"10":[0,0]}}
,"C:\\Users\\kianr\\MobileApp\\lib\\auth.ts": {"path":"C:\\Users\\kianr\\MobileApp\\lib\\auth.ts","statementMap":{"0":{"start":{"line":5,"column":18},"end":{"line":5,"column":29}},"1":{"start":{"line":6,"column":20},"end":{"line":6,"column":28}},"2":{"start":{"line":8,"column":23},"end":{"line":8,"column":44}},"3":{"start":{"line":11,"column":2},"end":{"line":15,"column":3}},"4":{"start":{"line":12,"column":4},"end":{"line":12,"column":47}},"5":{"start":{"line":14,"column":4},"end":{"line":14,"column":43}},"6":{"start":{"line":19,"column":2},"end":{"line":21,"column":3}},"7":{"start":{"line":20,"column":4},"end":{"line":20,"column":47}},"8":{"start":{"line":22,"column":2},"end":{"line":22,"column":41}},"9":{"start":{"line":26,"column":2},"end":{"line":30,"column":3}},"10":{"start":{"line":27,"column":4},"end":{"line":27,"column":43}},"11":{"start":{"line":29,"column":4},"end":{"line":29,"column":39}},"12":{"start":{"line":34,"column":2},"end":{"line":34,"column":34}},"13":{"start":{"line":35,"column":2},"end":{"line":35,"column":48}},"14":{"start":{"line":39,"column":2},"end":{"line":39,"column":34}},"15":{"start":{"line":43,"column":17},"end":{"line":43,"column":43}},"16":{"start":{"line":44,"column":2},"end":{"line":44,"column":27}},"17":{"start":{"line":44,"column":15},"end":{"line":44,"column":27}},"18":{"start":{"line":46,"column":17},"end":{"line":46,"column":37}},"19":{"start":{"line":47,"column":2},"end":{"line":47,"column":46}},"20":{"start":{"line":51,"column":2},"end":{"line":51,"column":30}},"21":{"start":{"line":52,"column":2},"end":{"line":52,"column":32}},"22":{"start":{"line":54,"column":2},"end":{"line":58,"column":3}},"23":{"start":{"line":55,"column":4},"end":{"line":55,"column":47}},"24":{"start":{"line":62,"column":16},"end":{"line":62,"column":32}},"25":{"start":{"line":63,"column":2},"end":{"line":63,"column":44}}},"fnMap":{"0":{"name":"setItem","decl":{"start":{"line":10,"column":15},"end":{"line":10,"column":22}},"loc":{"start":{"line":10,"column":66},"end":{"line":16,"column":1}},"line":10},"1":{"name":"getItem","decl":{"start":{"line":18,"column":15},"end":{"line":18,"column":22}},"loc":{"start":{"line":18,"column":60},"end":{"line":23,"column":1}},"line":18},"2":{"name":"removeItem","decl":{"start":{"line":25,"column":15},"end":{"line":25,"column":25}},"loc":{"start":{"line":25,"column":54},"end":{"line":31,"column":1}},"line":25},"3":{"name":"saveSession","decl":{"start":{"line":33,"column":22},"end":{"line":33,"column":33}},"loc":{"start":{"line":33,"column":80},"end":{"line":36,"column":1}},"line":33},"4":{"name":"getToken","decl":{"start":{"line":38,"column":22},"end":{"line":38,"column":30}},"loc":{"start":{"line":38,"column":57},"end":{"line":40,"column":1}},"line":38},"5":{"name":"getUserId","decl":{"start":{"line":42,"column":22},"end":{"line":42,"column":31}},"loc":{"start":{"line":42,"column":58},"end":{"line":48,"column":1}},"line":42},"6":{"name":"clearSession","decl":{"start":{"line":50,"column":22},"end":{"line":50,"column":34}},"loc":{"start":{"line":50,"column":52},"end":{"line":59,"column":1}},"line":50},"7":{"name":"isLoggedIn","decl":{"start":{"line":61,"column":22},"end":{"line":61,"column":32}},"loc":{"start":{"line":61,"column":53},"end":{"line":64,"column":1}},"line":61}},"branchMap":{"0":{"loc":{"start":{"line":11,"column":2},"end":{"line":15,"column":3}},"type":"if","locations":[{"start":{"line":11,"column":2},"end":{"line":15,"column":3}},{"start":{"line":13,"column":9},"end":{"line":15,"column":3}}],"line":11},"1":{"loc":{"start":{"line":19,"column":2},"end":{"line":21,"column":3}},"type":"if","locations":[{"start":{"line":19,"column":2},"end":{"line":21,"column":3}},{"start":{},"end":{}}],"line":19},"2":{"loc":{"start":{"line":26,"column":2},"end":{"line":30,"column":3}},"type":"if","locations":[{"start":{"line":26,"column":2},"end":{"line":30,"column":3}},{"start":{"line":28,"column":9},"end":{"line":30,"column":3}}],"line":26},"3":{"loc":{"start":{"line":44,"column":2},"end":{"line":44,"column":27}},"type":"if","locations":[{"start":{"line":44,"column":2},"end":{"line":44,"column":27}},{"start":{},"end":{}}],"line":44},"4":{"loc":{"start":{"line":47,"column":9},"end":{"line":47,"column":45}},"type":"cond-expr","locations":[{"start":{"line":47,"column":32},"end":{"line":47,"column":36}},{"start":{"line":47,"column":39},"end":{"line":47,"column":45}}],"line":47},"5":{"loc":{"start":{"line":63,"column":9},"end":{"line":63,"column":43}},"type":"binary-expr","locations":[{"start":{"line":63,"column":9},"end":{"line":63,"column":23}},{"start":{"line":63,"column":27},"end":{"line":63,"column":43}}],"line":63}},"s":{"0":0,"1":0,"2":0,"3":0,"4":0,"5":0,"6":0,"7":0,"8":0,"9":0,"10":0,"11":0,"12":0,"13":0,"14":0,"15":0,"16":0,"17":0,"18":0,"19":0,"20":0,"21":0,"22":0,"23":0,"24":0,"25":0},"f":{"0":0,"1":0,"2":0,"3":0,"4":0,"5":0,"6":0,"7":0},"b":{"0":[0,0],"1":[0,0],"2":[0,0],"3":[0,0],"4":[0,0],"5":[0,0]}}
,"C:\\Users\\kianr\\MobileApp\\lib\\metrics.ts": {"path":"C:\\Users\\kianr\\MobileApp\\lib\\metrics.ts","statementMap":{"0":{"start":{"line":24,"column":15},"end":{"line":24,"column":30}},"1":{"start":{"line":25,"column":14},"end":{"line":25,"column":32}},"2":{"start":{"line":26,"column":2},"end":{"line":26,"column":42}},"3":{"start":{"line":27,"column":2},"end":{"line":27,"column":14}},"4":{"start":{"line":31,"column":51},"end":{"line":31,"column":53}},"5":{"start":{"line":33,"column":2},"end":{"line":51,"column":5}},"6":{"start":{"line":34,"column":26},"end":{"line":34,"column":52}},"7":{"start":{"line":35,"column":22},"end":{"line":35,"column":56}},"8":{"start":{"line":37,"column":4},"end":{"line":46,"column":5}},"9":{"start":{"line":38,"column":6},"end":{"line":45,"column":8}},"10":{"start":{"line":47,"column":4},"end":{"line":47,"column":51}},"11":{"start":{"line":48,"column":4},"end":{"line":48,"column":54}},"12":{"start":{"line":49,"column":4},"end":{"line":49,"column":55}},"13":{"start":{"line":50,"column":4},"end":{"line":50,"column":51}},"14":{"start":{"line":53,"column":2},"end":{"line":55,"column":4}},"15":{"start":{"line":54,"column":14},"end":{"line":54,"column":75}},"16":{"start":{"line":59,"column":2},"end":{"line":64,"column":4}},"17":{"start":{"line":60,"column":40},"end":{"line":60,"column":58}},"18":{"start":{"line":61,"column":39},"end":{"line":61,"column":61}},"19":{"start":{"line":62,"column":37},"end":{"line":62,"column":64}},"20":{"start":{"line":63,"column":35},"end":{"line":63,"column":60}},"21":{"start":{"line":68,"column":2},"end":{"line":68,"column":73}},"22":{"start":{"line":68,"column":37},"end":{"line":68,"column":68}},"23":{"start":{"line":72,"column":2},"end":{"line":72,"column":58}},"24":{"start":{"line":72,"column":37},"end":{"line":72,"column":53}},"25":{"start":{"line":77,"column":2},"end":{"line":79,"column":3}},"26":{"start":{"line":78,"column":4},"end":{"line":78,"column":13}},"27":{"start":{"line":81,"column":16},"end":{"line":81,"column":52}},"28":{"start":{"line":82,"column":2},"end":{"line":84,"column":3}},"29":{"start":{"line":83,"column":4},"end":{"line":83,"column":13}},"30":{"start":{"line":86,"column":18},"end":{"line":86,"column":40}},"31":{"start":{"line":87,"column":18},"end":{"line":87,"column":40}},"32":{"start":{"line":89,"column":2},"end":{"line":89,"column":56}},"33":{"start":{"line":93,"column":15},"end":{"line":93,"column":39}},"34":{"start":{"line":94,"column":15},"end":{"line":94,"column":27}},"35":{"start":{"line":95,"column":2},"end":{"line":95,"column":73}},"36":{"start":{"line":99,"column":2},"end":{"line":110,"column":3}},"37":{"start":{"line":101,"column":6},"end":{"line":101,"column":68}},"38":{"start":{"line":103,"column":6},"end":{"line":103,"column":77}},"39":{"start":{"line":105,"column":6},"end":{"line":105,"column":62}},"40":{"start":{"line":107,"column":6},"end":{"line":107,"column":62}},"41":{"start":{"line":109,"column":6},"end":{"line":109,"column":71}},"42":{"start":{"line":117,"column":2},"end":{"line":117,"column":78}},"43":{"start":{"line":126,"column":2},"end":{"line":137,"column":3}},"44":{"start":{"line":126,"column":15},"end":{"line":126,"column":16}},"45":{"start":{"line":127,"column":4},"end":{"line":136,"column":5}},"46":{"start":{"line":128,"column":23},"end":{"line":128,"column":48}},"47":{"start":{"line":129,"column":6},"end":{"line":131,"column":7}},"48":{"start":{"line":130,"column":8},"end":{"line":130,"column":60}},"49":{"start":{"line":132,"column":6},"end":{"line":132,"column":35}},"50":{"start":{"line":134,"column":6},"end":{"line":134,"column":39}},"51":{"start":{"line":134,"column":29},"end":{"line":134,"column":39}},"52":{"start":{"line":135,"column":6},"end":{"line":135,"column":77}},"53":{"start":{"line":135,"column":37},"end":{"line":135,"column":75}}},"fnMap":{"0":{"name":"startOfWeek","decl":{"start":{"line":23,"column":16},"end":{"line":23,"column":27}},"loc":{"start":{"line":23,"column":56},"end":{"line":28,"column":1}},"line":23},"1":{"name":"aggregateByWeek","decl":{"start":{"line":30,"column":16},"end":{"line":30,"column":31}},"loc":{"start":{"line":30,"column":70},"end":{"line":56,"column":1}},"line":30},"2":{"name":"(anonymous_2)","decl":{"start":{"line":33,"column":15},"end":{"line":33,"column":16}},"loc":{"start":{"line":33,"column":24},"end":{"line":51,"column":3}},"line":33},"3":{"name":"(anonymous_3)","decl":{"start":{"line":54,"column":4},"end":{"line":54,"column":5}},"loc":{"start":{"line":54,"column":14},"end":{"line":54,"column":75}},"line":54},"4":{"name":"sumMacros","decl":{"start":{"line":58,"column":16},"end":{"line":58,"column":25}},"loc":{"start":{"line":58,"column":48},"end":{"line":65,"column":1}},"line":58},"5":{"name":"(anonymous_5)","decl":{"start":{"line":60,"column":26},"end":{"line":60,"column":27}},"loc":{"start":{"line":60,"column":40},"end":{"line":60,"column":58}},"line":60},"6":{"name":"(anonymous_6)","decl":{"start":{"line":61,"column":25},"end":{"line":61,"column":26}},"loc":{"start":{"line":61,"column":39},"end":{"line":61,"column":61}},"line":61},"7":{"name":"(anonymous_7)","decl":{"start":{"line":62,"column":23},"end":{"line":62,"column":24}},"loc":{"start":{"line":62,"column":37},"end":{"line":62,"column":64}},"line":62},"8":{"name":"(anonymous_8)","decl":{"start":{"line":63,"column":21},"end":{"line":63,"column":22}},"loc":{"start":{"line":63,"column":35},"end":{"line":63,"column":60}},"line":63},"9":{"name":"calculateVolume","decl":{"start":{"line":67,"column":16},"end":{"line":67,"column":31}},"loc":{"start":{"line":67,"column":65},"end":{"line":69,"column":1}},"line":67},"10":{"name":"(anonymous_10)","decl":{"start":{"line":68,"column":21},"end":{"line":68,"column":22}},"loc":{"start":{"line":68,"column":37},"end":{"line":68,"column":68}},"line":68},"11":{"name":"calculateTotalReps","decl":{"start":{"line":71,"column":16},"end":{"line":71,"column":34}},"loc":{"start":{"line":71,"column":68},"end":{"line":73,"column":1}},"line":71},"12":{"name":"(anonymous_12)","decl":{"start":{"line":72,"column":21},"end":{"line":72,"column":22}},"loc":{"start":{"line":72,"column":37},"end":{"line":72,"column":53}},"line":72},"13":{"name":"parseDurationMinutes","decl":{"start":{"line":76,"column":16},"end":{"line":76,"column":36}},"loc":{"start":{"line":76,"column":68},"end":{"line":90,"column":1}},"line":76},"14":{"name":"formatTime","decl":{"start":{"line":92,"column":16},"end":{"line":92,"column":26}},"loc":{"start":{"line":92,"column":52},"end":{"line":96,"column":1}},"line":92},"15":{"name":"getSafetyStatus","decl":{"start":{"line":98,"column":16},"end":{"line":98,"column":31}},"loc":{"start":{"line":98,"column":86},"end":{"line":111,"column":1}},"line":98},"16":{"name":"resolveProductName","decl":{"start":{"line":113,"column":16},"end":{"line":113,"column":34}},"loc":{"start":{"line":116,"column":11},"end":{"line":118,"column":1}},"line":116},"17":{"name":"fetchWithRetry","decl":{"start":{"line":120,"column":22},"end":{"line":120,"column":36}},"loc":{"start":{"line":125,"column":16},"end":{"line":138,"column":1}},"line":125},"18":{"name":"(anonymous_18)","decl":{"start":{"line":135,"column":24},"end":{"line":135,"column":25}},"loc":{"start":{"line":135,"column":37},"end":{"line":135,"column":75}},"line":135}},"branchMap":{"0":{"loc":{"start":{"line":25,"column":14},"end":{"line":25,"column":32}},"type":"binary-expr","locations":[{"start":{"line":25,"column":14},"end":{"line":25,"column":27}},{"start":{"line":25,"column":31},"end":{"line":25,"column":32}}],"line":25},"1":{"loc":{"start":{"line":37,"column":4},"end":{"line":46,"column":5}},"type":"if","locations":[{"start":{"line":37,"column":4},"end":{"line":46,"column":5}},{"start":{},"end":{}}],"line":37},"2":{"loc":{"start":{"line":49,"column":35},"end":{"line":49,"column":54}},"type":"binary-expr","locations":[{"start":{"line":49,"column":35},"end":{"line":49,"column":49}},{"start":{"line":49,"column":53},"end":{"line":49,"column":54}}],"line":49},"3":{"loc":{"start":{"line":50,"column":33},"end":{"line":50,"column":50}},"type":"binary-expr","locations":[{"start":{"line":50,"column":33},"end":{"line":50,"column":45}},{"start":{"line":50,"column":49},"end":{"line":50,"column":50}}],"line":50},"4":{"loc":{"start":{"line":62,"column":44},"end":{"line":62,"column":63}},"type":"binary-expr","locations":[{"start":{"line":62,"column":44},"end":{"line":62,"column":58}},{"start":{"line":62,"column":62},"end":{"line":62,"column":63}}],"line":62},"5":{"loc":{"start":{"line":63,"column":42},"end":{"line":63,"column":59}},"type":"binary-expr","locations":[{"start":{"line":63,"column":42},"end":{"line":63,"column":54}},{"start":{"line":63,"column":58},"end":{"line":63,"column":59}}],"line":63},"6":{"loc":{"start":{"line":77,"column":2},"end":{"line":79,"column":3}},"type":"if","locations":[{"start":{"line":77,"column":2},"end":{"line":79,"column":3}},{"start":{},"end":{}}],"line":77},"7":{"loc":{"start":{"line":77,"column":6},"end":{"line":77,"column":44}},"type":"binary-expr","locations":[{"start":{"line":77,"column":6},"end":{"line":77,"column":12}},{"start":{"line":77,"column":16},"end":{"line":77,"column":44}}],"line":77},"8":{"loc":{"start":{"line":82,"column":2},"end":{"line":84,"column":3}},"type":"if","locations":[{"start":{"line":82,"column":2},"end":{"line":84,"column":3}},{"start":{},"end":{}}],"line":82},"9":{"loc":{"start":{"line":95,"column":12},"end":{"line":95,"column":32}},"type":"cond-expr","locations":[{"start":{"line":95,"column":24},"end":{"line":95,"column":27}},{"start":{"line":95,"column":30},"end":{"line":95,"column":32}}],"line":95},"10":{"loc":{"start":{"line":95,"column":43},"end":{"line":95,"column":63}},"type":"cond-expr","locations":[{"start":{"line":95,"column":55},"end":{"line":95,"column":58}},{"start":{"line":95,"column":61},"end":{"line":95,"column":63}}],"line":95},"11":{"loc":{"start":{"line":99,"column":2},"end":{"line":110,"column":3}},"type":"switch","locations":[{"start":{"line":100,"column":4},"end":{"line":101,"column":68}},{"start":{"line":102,"column":4},"end":{"line":103,"column":77}},{"start":{"line":104,"column":4},"end":{"line":105,"column":62}},{"start":{"line":106,"column":4},"end":{"line":107,"column":62}},{"start":{"line":108,"column":4},"end":{"line":109,"column":71}}],"line":99},"12":{"loc":{"start":{"line":117,"column":9},"end":{"line":117,"column":77}},"type":"binary-expr","locations":[{"start":{"line":117,"column":9},"end":{"line":117,"column":32}},{"start":{"line":117,"column":36},"end":{"line":117,"column":56}},{"start":{"line":117,"column":60},"end":{"line":117,"column":77}}],"line":117},"13":{"loc":{"start":{"line":123,"column":2},"end":{"line":123,"column":13}},"type":"default-arg","locations":[{"start":{"line":123,"column":12},"end":{"line":123,"column":13}}],"line":123},"14":{"loc":{"start":{"line":124,"column":2},"end":{"line":124,"column":16}},"type":"default-arg","locations":[{"start":{"line":124,"column":12},"end":{"line":124,"column":16}}],"line":124},"15":{"loc":{"start":{"line":129,"column":6},"end":{"line":131,"column":7}},"type":"if","locations":[{"start":{"line":129,"column":6},"end":{"line":131,"column":7}},{"start":{},"end":{}}],"line":129},"16":{"loc":{"start":{"line":134,"column":6},"end":{"line":134,"column":39}},"type":"if","locations":[{"start":{"line":134,"column":6},"end":{"line":134,"column":39}},{"start":{},"end":{}}],"line":134}},"s":{"0":9,"1":9,"2":9,"3":9,"4":3,"5":3,"6":7,"7":7,"8":7,"9":5,"10":7,"11":7,"12":7,"13":7,"14":3,"15":4,"16":1,"17":2,"18":2,"19":2,"20":2,"21":3,"22":3,"23":1,"24":3,"25":6,"26":2,"27":4,"28":4,"29":1,"30":3,"31":3,"32":3,"33":3,"34":3,"35":3,"36":3,"37":1,"38":0,"39":0,"40":1,"41":1,"42":0,"43":2,"44":2,"45":5,"46":5,"47":5,"48":4,"49":1,"50":4,"51":1,"52":3,"53":3},"f":{"0":9,"1":3,"2":7,"3":4,"4":1,"5":2,"6":2,"7":2,"8":2,"9":3,"10":3,"11":1,"12":3,"13":6,"14":3,"15":3,"16":0,"17":2,"18":3},"b":{"0":[9,2],"1":[5,2],"2":[7,1],"3":[7,1],"4":[2,0],"5":[2,0],"6":[2,4],"7":[6,5],"8":[1,3],"9":[2,1],"10":[2,1],"11":[1,0,0,1,1],"12":[0,0,0],"13":[0],"14":[0],"15":[4,1],"16":[1,3]},"_coverageSchema":"1a1c01bbd47fc00a2c39e90264f33305004495a9","hash":"0a3419157816f7e5cc2b83bf0c56a03002a64e1e"}
}
