TN:
SF:lib\api.ts
FN:11,(anonymous_0)
FN:25,apiFetch
FN:68,apiGet
FN:72,apiPost
FN:76,apiPut
FNF:5
FNH:0
FNDA:0,(anonymous_0)
FNDA:0,apiFetch
FNDA:0,apiGet
FNDA:0,apiPost
FNDA:0,apiPut
DA:5,0
DA:12,0
DA:13,0
DA:14,0
DA:15,0
DA:26,0
DA:28,0
DA:30,0
DA:34,0
DA:35,0
DA:38,0
DA:43,0
DA:44,0
DA:46,0
DA:47,0
DA:48,0
DA:49,0
DA:52,0
DA:55,0
DA:56,0
DA:57,0
DA:60,0
DA:61,0
DA:64,0
DA:65,0
DA:69,0
DA:73,0
DA:77,0
LF:28
LH:0
BRDA:12,0,0,0
BRDA:12,0,1,0
BRDA:25,1,0,0
BRDA:26,2,0,0
BRDA:26,3,0,0
BRDA:34,4,0,0
BRDA:34,4,1,0
BRDA:41,5,0,0
BRDA:41,5,1,0
BRDA:43,6,0,0
BRDA:43,6,1,0
BRDA:46,7,0,0
BRDA:46,7,1,0
BRDA:55,8,0,0
BRDA:55,8,1,0
BRDA:60,9,0,0
BRDA:60,9,1,0
BRDA:65,10,0,0
BRDA:65,10,1,0
BRF:19
BRH:0
end_of_record
TN:
SF:lib\auth.ts
FN:10,setItem
FN:18,getItem
FN:25,removeItem
FN:33,saveSession
FN:38,getToken
FN:42,getUserId
FN:50,clearSession
FN:61,isLoggedIn
FNF:8
FNH:0
FNDA:0,setItem
FNDA:0,getItem
FNDA:0,removeItem
FNDA:0,saveSession
FNDA:0,getToken
FNDA:0,getUserId
FNDA:0,clearSession
FNDA:0,isLoggedIn
DA:5,0
DA:6,0
DA:8,0
DA:11,0
DA:12,0
DA:14,0
DA:19,0
DA:20,0
DA:22,0
DA:26,0
DA:27,0
DA:29,0
DA:34,0
DA:35,0
DA:39,0
DA:43,0
DA:44,0
DA:46,0
DA:47,0
DA:51,0
DA:52,0
DA:54,0
DA:55,0
DA:62,0
DA:63,0
LF:25
LH:0
BRDA:11,0,0,0
BRDA:11,0,1,0
BRDA:19,1,0,0
BRDA:19,1,1,0
BRDA:26,2,0,0
BRDA:26,2,1,0
BRDA:44,3,0,0
BRDA:44,3,1,0
BRDA:47,4,0,0
BRDA:47,4,1,0
BRDA:63,5,0,0
BRDA:63,5,1,0
BRF:12
BRH:0
end_of_record
TN:
SF:lib\metrics.ts
FN:23,startOfWeek
FN:30,aggregateByWeek
FN:33,(anonymous_2)
FN:54,(anonymous_3)
FN:58,sumMacros
FN:60,(anonymous_5)
FN:61,(anonymous_6)
FN:62,(anonymous_7)
FN:63,(anonymous_8)
FN:67,calculateVolume
FN:68,(anonymous_10)
FN:71,calculateTotalReps
FN:72,(anonymous_12)
FN:76,parseDurationMinutes
FN:92,formatTime
FN:98,getSafetyStatus
FN:113,resolveProductName
FN:120,fetchWithRetry
FN:135,(anonymous_18)
FNF:19
FNH:18
FNDA:9,startOfWeek
FNDA:3,aggregateByWeek
FNDA:7,(anonymous_2)
FNDA:4,(anonymous_3)
FNDA:1,sumMacros
FNDA:2,(anonymous_5)
FNDA:2,(anonymous_6)
FNDA:2,(anonymous_7)
FNDA:2,(anonymous_8)
FNDA:3,calculateVolume
FNDA:3,(anonymous_10)
FNDA:1,calculateTotalReps
FNDA:3,(anonymous_12)
FNDA:6,parseDurationMinutes
FNDA:3,formatTime
FNDA:3,getSafetyStatus
FNDA:0,resolveProductName
FNDA:2,fetchWithRetry
FNDA:3,(anonymous_18)
DA:24,9
DA:25,9
DA:26,9
DA:27,9
DA:31,3
DA:33,3
DA:34,7
DA:35,7
DA:37,7
DA:38,5
DA:47,7
DA:48,7
DA:49,7
DA:50,7
DA:53,3
DA:54,4
DA:59,1
DA:60,2
DA:61,2
DA:62,2
DA:63,2
DA:68,3
DA:72,3
DA:77,6
DA:78,2
DA:81,4
DA:82,4
DA:83,1
DA:86,3
DA:87,3
DA:89,3
DA:93,3
DA:94,3
DA:95,3
DA:99,3
DA:101,1
DA:103,0
DA:105,0
DA:107,1
DA:109,1
DA:117,0
DA:126,2
DA:127,5
DA:128,5
DA:129,5
DA:130,4
DA:132,1
DA:134,4
DA:135,3
LF:49
LH:46
BRDA:25,0,0,9
BRDA:25,0,1,2
BRDA:37,1,0,5
BRDA:37,1,1,2
BRDA:49,2,0,7
BRDA:49,2,1,1
BRDA:50,3,0,7
BRDA:50,3,1,1
BRDA:62,4,0,2
BRDA:62,4,1,0
BRDA:63,5,0,2
BRDA:63,5,1,0
BRDA:77,6,0,2
BRDA:77,6,1,4
BRDA:77,7,0,6
BRDA:77,7,1,5
BRDA:82,8,0,1
BRDA:82,8,1,3
BRDA:95,9,0,2
BRDA:95,9,1,1
BRDA:95,10,0,2
BRDA:95,10,1,1
BRDA:99,11,0,1
BRDA:99,11,1,0
BRDA:99,11,2,0
BRDA:99,11,3,1
BRDA:99,11,4,1
BRDA:117,12,0,0
BRDA:117,12,1,0
BRDA:117,12,2,0
BRDA:123,13,0,0
BRDA:124,14,0,0
BRDA:129,15,0,4
BRDA:129,15,1,1
BRDA:134,16,0,1
BRDA:134,16,1,3
BRF:36
BRH:27
end_of_record
